<?xml version="1.0" encoding="UTF-8"?>
<!-- Generated by org.testng.reporters.JUnitReportReporter -->
<testsuite hostname="Manoj_Kumar_M" failures="0" tests="1" name="testscripts.Demo" time="0.010" errors="0" timestamp="2024-01-03T15:59:31 IST" skipped="0">
  <testcase classname="testscripts.Demo" name="openBrowser" time="0.010">
    <system-out>
      <![CDATA[Hello]]>
    </system-out>
  </testcase> <!-- openBrowser -->
  <system-out>
    <![CDATA[Hello]]>
  </system-out>
</testsuite> <!-- testscripts.Demo -->
